Name:               kind-control-plane
Roles:              control-plane
Labels:             beta.kubernetes.io/arch=amd64
                    beta.kubernetes.io/os=linux
                    kubernetes.io/arch=amd64
                    kubernetes.io/hostname=kind-control-plane
                    kubernetes.io/os=linux
                    node-role.kubernetes.io/control-plane=
Annotations:        kubeadm.alpha.kubernetes.io/cri-socket: unix:///run/containerd/containerd.sock
                    node.alpha.kubernetes.io/ttl: 0
                    volumes.kubernetes.io/controller-managed-attach-detach: true
CreationTimestamp:  Fri, 30 Jan 2026 05:00:41 +0000
Taints:             <none>
Unschedulable:      false
Lease:
  HolderIdentity:  kind-control-plane
  AcquireTime:     <unset>
  RenewTime:       Fri, 30 Jan 2026 05:22:34 +0000
Conditions:
  Type             Status  LastHeartbeatTime                 LastTransitionTime                Reason                       Message
  ----             ------  -----------------                 ------------------                ------                       -------
  MemoryPressure   False   Fri, 30 Jan 2026 05:21:22 +0000   Fri, 30 Jan 2026 05:00:37 +0000   KubeletHasSufficientMemory   kubelet has sufficient memory available
  DiskPressure     False   Fri, 30 Jan 2026 05:21:22 +0000   Fri, 30 Jan 2026 05:00:37 +0000   KubeletHasNoDiskPressure     kubelet has no disk pressure
  PIDPressure      False   Fri, 30 Jan 2026 05:21:22 +0000   Fri, 30 Jan 2026 05:00:37 +0000   KubeletHasSufficientPID      kubelet has sufficient PID available
  Ready            True    Fri, 30 Jan 2026 05:21:22 +0000   Fri, 30 Jan 2026 05:01:03 +0000   KubeletReady                 kubelet is posting ready status
Addresses:
  InternalIP:  172.18.0.3
  Hostname:    kind-control-plane
Capacity:
  cpu:                4
  ephemeral-storage:  19221248Ki
  hugepages-1Gi:      0
  hugepages-2Mi:      0
  memory:             16373880Ki
  pods:               110
Allocatable:
  cpu:                4
  ephemeral-storage:  19221248Ki
  hugepages-1Gi:      0
  hugepages-2Mi:      0
  memory:             16373880Ki
  pods:               110
System Info:
  Machine ID:                 d0603aebcd8a468ca8d74f4fc12f3b9b
  System UUID:                cf00ccd0-98ee-40e2-a004-9198d15a8740
  Boot ID:                    e07f9d24-0af0-45a4-a2fd-e9d93a4ab0da
  Kernel Version:             6.14.0-1018-aws
  OS Image:                   Debian GNU/Linux 12 (bookworm)
  Operating System:           linux
  Architecture:               amd64
  Container Runtime Version:  containerd://1.7.13
  Kubelet Version:            v1.29.2
  Kube-Proxy Version:         v1.29.2
PodCIDR:                      10.244.0.0/24
PodCIDRs:                     10.244.0.0/24
ProviderID:                   local-kind-control-plane
Non-terminated Pods:          (18 in total)
  Namespace                   Name                                             CPU Requests  CPU Limits  Memory Requests  Memory Limits  Age
  ---------                   ----                                             ------------  ----------  ---------------  -------------  ---
  cert-manager                cert-manager-cainjector-5fd6444f95-2srv4         0 (0%)        0 (0%)      0 (0%)           0 (0%)         13m
  cert-manager                cert-manager-d894bbbd4-wvck5                     0 (0%)        0 (0%)      0 (0%)           0 (0%)         13m
  cert-manager                cert-manager-webhook-869674f96f-kkkjz            0 (0%)        0 (0%)      0 (0%)           0 (0%)         13m
  gatekeeper-system           gatekeeper-audit-84d6c486f7-phkzc                100m (2%)     0 (0%)      512Mi (3%)       512Mi (3%)     3m42s
  gatekeeper-system           gatekeeper-controller-manager-bb466bbf8-4fv6l    100m (2%)     0 (0%)      512Mi (3%)       512Mi (3%)     3m42s
  gatekeeper-system           gatekeeper-controller-manager-bb466bbf8-6hb62    100m (2%)     0 (0%)      512Mi (3%)       512Mi (3%)     3m42s
  gatekeeper-system           gatekeeper-controller-manager-bb466bbf8-c88h2    100m (2%)     0 (0%)      512Mi (3%)       512Mi (3%)     3m42s
  kube-system                 coredns-76f75df574-7qw75                         100m (2%)     0 (0%)      70Mi (0%)        170Mi (1%)     21m
  kube-system                 coredns-76f75df574-m8hjx                         100m (2%)     0 (0%)      70Mi (0%)        170Mi (1%)     21m
  kube-system                 etcd-kind-control-plane                          100m (2%)     0 (0%)      100Mi (0%)       0 (0%)         21m
  kube-system                 kindnet-vp5pq                                    100m (2%)     100m (2%)   50Mi (0%)        50Mi (0%)      21m
  kube-system                 kube-apiserver-kind-control-plane                250m (6%)     0 (0%)      0 (0%)           0 (0%)         21m
  kube-system                 kube-controller-manager-kind-control-plane       200m (5%)     0 (0%)      0 (0%)           0 (0%)         21m
  kube-system                 kube-proxy-lf4xg                                 0 (0%)        0 (0%)      0 (0%)           0 (0%)         21m
  kube-system                 kube-scheduler-kind-control-plane                100m (2%)     0 (0%)      0 (0%)           0 (0%)         21m
  local-path-storage          local-path-provisioner-7577fdbbfb-jc9mn          0 (0%)        0 (0%)      0 (0%)           0 (0%)         21m
  vault                       vault-0                                          0 (0%)        0 (0%)      0 (0%)           0 (0%)         10m
  vault                       vault-agent-injector-8d6b668b4-d6h8m             0 (0%)        0 (0%)      0 (0%)           0 (0%)         10m
Allocated resources:
  (Total limits may be over 100 percent, i.e., overcommitted.)
  Resource           Requests      Limits
  --------           --------      ------
  cpu                1350m (33%)   100m (2%)
  memory             2338Mi (14%)  2438Mi (15%)
  ephemeral-storage  0 (0%)        0 (0%)
  hugepages-1Gi      0 (0%)        0 (0%)
  hugepages-2Mi      0 (0%)        0 (0%)
Events:
  Type    Reason                   Age                From             Message
  ----    ------                   ----               ----             -------
  Normal  Starting                 21m                kube-proxy       
  Normal  NodeHasSufficientMemory  22m (x8 over 22m)  kubelet          Node kind-control-plane status is now: NodeHasSufficientMemory
  Normal  NodeHasNoDiskPressure    22m (x8 over 22m)  kubelet          Node kind-control-plane status is now: NodeHasNoDiskPressure
  Normal  NodeHasSufficientPID     22m (x7 over 22m)  kubelet          Node kind-control-plane status is now: NodeHasSufficientPID
  Normal  NodeAllocatableEnforced  22m                kubelet          Updated Node Allocatable limit across pods
  Normal  Starting                 21m                kubelet          Starting kubelet.
  Normal  NodeHasSufficientMemory  21m                kubelet          Node kind-control-plane status is now: NodeHasSufficientMemory
  Normal  NodeHasNoDiskPressure    21m                kubelet          Node kind-control-plane status is now: NodeHasNoDiskPressure
  Normal  NodeHasSufficientPID     21m                kubelet          Node kind-control-plane status is now: NodeHasSufficientPID
  Normal  NodeAllocatableEnforced  21m                kubelet          Updated Node Allocatable limit across pods
  Normal  RegisteredNode           21m                node-controller  Node kind-control-plane event: Registered Node kind-control-plane in Controller
  Normal  NodeReady                21m                kubelet          Node kind-control-plane status is now: NodeReady
